Build started 2017/1/5 10:45:06.
     1>Project "R:\qcz\qcz_pro\nns_benchmark\algorithms\OPQ\testOPQ\nearest_search_lib\nearest_search_lib.vcxproj" on node 2 (Build target(s)).
     1>ClCompile:
         C:\Program Files (x86)\Microsoft Visual Studio 12.0\VC\bin\CL.exe /c /ZI /nologo /W3 /WX- /Od /Oy- /D WIN32 /D _DEBUG /D _LIB /D _UNICODE /D UNICODE /Gm /EHsc /RTC1 /MDd /GS /Zc:wchar_t /Zc:forScope /Fo"Debug\\" /Fd"Debug\vc120.pdb" /Gd /TP /analyze- /errorReport:prompt ..\..\src\data_util.cpp ..\..\src\perfomance_util.cpp
         perfomance_util.cpp
     1>r:\qcz\qcz_pro\nns_benchmark\algorithms\opq\src\perfomance_util.h(10): fatal error C1083: Cannot open include file: 'opencv2\opencv.hpp': No such file or directory
         data_util.cpp
     1>r:\qcz\qcz_pro\nns_benchmark\algorithms\opq\src\data_util.h(16): fatal error C1083: Cannot open include file: 'boost/bind.hpp': No such file or directory
         Generating Code...
     1>Done Building Project "R:\qcz\qcz_pro\nns_benchmark\algorithms\OPQ\testOPQ\nearest_search_lib\nearest_search_lib.vcxproj" (Build target(s)) -- FAILED.

Build FAILED.

Time Elapsed 00:00:00.93
