Build started 2017/1/17 14:02:30.
     1>Project "I:\Hashing\Code\OPQ_MultiIndex\testOPQ\ThreadTest\ThreadTest.vcxproj" on node 2 (Build target(s)).
     1>ClCompile:
         C:\Program Files (x86)\Microsoft Visual Studio 12.0\VC\bin\CL.exe /c /Zi /nologo /W3 /WX- /O2 /Oi /Oy- /GL /D WIN32 /D NDEBUG /D _CONSOLE /D _LIB /D _UNICODE /D UNICODE /Gm- /EHsc /MD /GS /Gy /Zc:wchar_t /Zc:forScope /Fo"Release\\" /Fd"Release\vc120.pdb" /Gd /TP /analyze- /errorReport:prompt ..\..\src\data_util.cpp ..\..\src\perfomance_util.cpp main_thread_test.cpp
         data_util.cpp
     1>i:\hashing\code\opq_multiindex\src\data_util.h(16): fatal error C1083: Cannot open include file: 'boost/bind.hpp': No such file or directory
         perfomance_util.cpp
     1>i:\hashing\code\opq_multiindex\src\perfomance_util.h(10): fatal error C1083: Cannot open include file: 'opencv2\opencv.hpp': No such file or directory
         main_thread_test.cpp
     1>main_thread_test.cpp(4): fatal error C1083: Cannot open include file: 'searcher.h': No such file or directory
     1>Done Building Project "I:\Hashing\Code\OPQ_MultiIndex\testOPQ\ThreadTest\ThreadTest.vcxproj" (Build target(s)) -- FAILED.

Build FAILED.

Time Elapsed 00:00:05.50
