Build started 2017/1/16 22:19:43.
     1>Project "I:\Hashing\Code\OPQ_MultiIndex\testOPQ\OPQ_MI_DLL\OPQ_MI_DLL.vcxproj" on node 2 (Build target(s)).
     1>ClCompile:
         C:\Program Files (x86)\Microsoft Visual Studio 12.0\VC\bin\x86_amd64\CL.exe /c /Zi /nologo /W3 /WX- /Od /D WIN32 /D _DEBUG /D _WINDOWS /D _USRDLL /D OPQ_MI_DLL_EXPORTS /D _WINDLL /D _UNICODE /D UNICODE /Gm /EHsc /RTC1 /MDd /GS /Zc:wchar_t /Zc:forScope /Yu"stdafx.h" /Fp"x64\Debug\OPQ_MI_DLL.pch" /Fo"x64\Debug\\" /Fd"x64\Debug\vc120.pdb" /Gd /TP /errorReport:prompt ..\..\src\data_util.cpp OPQ_MI_DLL.cpp
         OPQ_MI_DLL.cpp
     1>I:\Hashing\Code\OPQ_MultiIndex\src\searcher.h(432): warning C4267: 'initializing' : conversion from 'size_t' to 'int', possible loss of data
     1>I:\Hashing\Code\OPQ_MultiIndex\src\searcher.h(433): warning C4267: 'initializing' : conversion from 'size_t' to 'int', possible loss of data
     1>I:\Hashing\Code\OPQ_MultiIndex\src\searcher.h(473): warning C4267: 'initializing' : conversion from 'size_t' to 'int', possible loss of data
     1>I:\Hashing\Code\OPQ_MultiIndex\src\searcher.h(474): warning C4267: 'initializing' : conversion from 'size_t' to 'int', possible loss of data
     1>I:\Hashing\Code\OPQ_MultiIndex\src\indexer.h(711): warning C4267: 'initializing' : conversion from 'size_t' to 'int', possible loss of data
     1>I:\Hashing\Code\OPQ_MultiIndex\src\indexer.h(712): warning C4267: 'initializing' : conversion from 'size_t' to 'int', possible loss of data
     1>OPQ_MI_DLL.cpp(126): error C2144: syntax error : 'bool' should be preceded by ';'
     1>OPQ_MI_DLL.cpp(126): error C4430: missing type specifier - int assumed. Note: C++ does not support default-int
     1>OPQ_MI_DLL.cpp(130): error C2561: 'query' : function must return a value
                 i:\hashing\code\opq_multiindex\testopq\opq_mi_dll\OPQ_MI_DLL.h(12) : see declaration of 'query'
     1>OPQ_MI_DLL.cpp(146): error C2065: 'dataset' : undeclared identifier
     1>OPQ_MI_DLL.cpp(161): error C2784: 'std::_Deque_iterator<_Mydeque> std::operator +(_Deque_iterator<_Mydeque>::difference_type,std::_Deque_iterator<_Mydeque>)' : could not deduce template argument for 'std::_Deque_iterator<_Mydeque>' from 'Distance'
                 C:\Program Files (x86)\Microsoft Visual Studio 12.0\VC\include\deque(688) : see declaration of 'std::operator +'
     1>OPQ_MI_DLL.cpp(161): error C2784: 'std::_Deque_const_iterator<_Mydeque> std::operator +(_Deque_const_iterator<_Mydeque>::difference_type,std::_Deque_const_iterator<_Mydeque>)' : could not deduce template argument for 'std::_Deque_const_iterator<_Mydeque>' from 'Distance'
                 C:\Program Files (x86)\Microsoft Visual Studio 12.0\VC\include\deque(555) : see declaration of 'std::operator +'
     1>OPQ_MI_DLL.cpp(161): error C2784: 'std::_Deque_unchecked_iterator<_Mydeque> std::operator +(_Deque_unchecked_iterator<_Mydeque>::difference_type,std::_Deque_unchecked_iterator<_Mydeque>)' : could not deduce template argument for 'std::_Deque_unchecked_iterator<_Mydeque>' from 'Distance'
                 C:\Program Files (x86)\Microsoft Visual Studio 12.0\VC\include\deque(271) : see declaration of 'std::operator +'
     1>OPQ_MI_DLL.cpp(161): error C2784: 'std::_Deque_unchecked_const_iterator<_Mydeque> std::operator +(_Deque_unchecked_const_iterator<_Mydeque>::difference_type,std::_Deque_unchecked_const_iterator<_Mydeque>)' : could not deduce template argument for 'std::_Deque_unchecked_const_iterator<_Mydeque>' from 'Distance'
                 C:\Program Files (x86)\Microsoft Visual Studio 12.0\VC\include\deque(166) : see declaration of 'std::operator +'
     1>OPQ_MI_DLL.cpp(161): error C2784: 'std::complex<T> std::operator +(const _Ty &,const std::complex<T> &)' : could not deduce template argument for 'const std::complex<T> &' from 'Distance'
                 C:\Program Files (x86)\Microsoft Visual Studio 12.0\VC\include\xcomplex(23) : see declaration of 'std::operator +'
     1>OPQ_MI_DLL.cpp(161): error C2784: 'std::complex<T> std::operator +(const std::complex<T> &,const _Ty &)' : could not deduce template argument for 'const std::complex<T> &' from 'std::basic_string<char,std::char_traits<char>,std::allocator<char>>'
                 C:\Program Files (x86)\Microsoft Visual Studio 12.0\VC\include\xcomplex(14) : see declaration of 'std::operator +'
                 C:\Program Files (x86)\Microsoft Visual Studio 12.0\VC\include\xcomplex(14) : see declaration of 'std::operator +'
                 C:\Program Files (x86)\Microsoft Visual Studio 12.0\VC\include\xcomplex(14) : see declaration of 'std::operator +'
                 C:\Program Files (x86)\Microsoft Visual Studio 12.0\VC\include\xcomplex(14) : see declaration of 'std::operator +'
     1>OPQ_MI_DLL.cpp(161): error C2784: 'std::complex<T> std::operator +(const std::complex<T> &,const std::complex<T> &)' : could not deduce template argument for 'const std::complex<T> &' from 'std::basic_string<char,std::char_traits<char>,std::allocator<char>>'
                 C:\Program Files (x86)\Microsoft Visual Studio 12.0\VC\include\xcomplex(6) : see declaration of 'std::operator +'
                 C:\Program Files (x86)\Microsoft Visual Studio 12.0\VC\include\xcomplex(6) : see declaration of 'std::operator +'
                 C:\Program Files (x86)\Microsoft Visual Studio 12.0\VC\include\xcomplex(6) : see declaration of 'std::operator +'
                 C:\Program Files (x86)\Microsoft Visual Studio 12.0\VC\include\xcomplex(6) : see declaration of 'std::operator +'
     1>OPQ_MI_DLL.cpp(161): error C2784: 'std::valarray<_Ty> std::operator +(const std::valarray<_Ty> &,const std::valarray<_Ty> &)' : could not deduce template argument for 'const std::valarray<_Ty> &' from 'std::basic_string<char,std::char_traits<char>,std::allocator<char>>'
                 C:\Program Files (x86)\Microsoft Visual Studio 12.0\VC\include\valarray(710) : see declaration of 'std::operator +'
                 C:\Program Files (x86)\Microsoft Visual Studio 12.0\VC\include\valarray(710) : see declaration of 'std::operator +'
                 C:\Program Files (x86)\Microsoft Visual Studio 12.0\VC\include\valarray(710) : see declaration of 'std::operator +'
                 C:\Program Files (x86)\Microsoft Visual Studio 12.0\VC\include\valarray(710) : see declaration of 'std::operator +'
     1>OPQ_MI_DLL.cpp(161): error C2784: 'std::valarray<_Ty> std::operator +(const _Ty &,const std::valarray<_Ty> &)' : could not deduce template argument for 'const std::valarray<_Ty> &' from 'Distance'
                 C:\Program Files (x86)\Microsoft Visual Studio 12.0\VC\include\valarray(570) : see declaration of 'std::operator +'
     1>OPQ_MI_DLL.cpp(161): error C2784: 'std::valarray<_Ty> std::operator +(const std::valarray<_Ty> &,const _Ty &)' : could not deduce template argument for 'const std::valarray<_Ty> &' from 'std::basic_string<char,std::char_traits<char>,std::allocator<char>>'
                 C:\Program Files (x86)\Microsoft Visual Studio 12.0\VC\include\valarray(563) : see declaration of 'std::operator +'
                 C:\Program Files (x86)\Microsoft Visual Studio 12.0\VC\include\valarray(563) : see declaration of 'std::operator +'
                 C:\Program Files (x86)\Microsoft Visual Studio 12.0\VC\include\valarray(563) : see declaration of 'std::operator +'
                 C:\Program Files (x86)\Microsoft Visual Studio 12.0\VC\include\valarray(563) : see declaration of 'std::operator +'
     1>OPQ_MI_DLL.cpp(161): error C2784: 'std::_Vb_iterator<_Alloc> std::operator +(_Alloc::difference_type,std::_Vb_iterator<_Alloc>)' : could not deduce template argument for 'std::_Vb_iterator<_Alloc>' from 'Distance'
                 C:\Program Files (x86)\Microsoft Visual Studio 12.0\VC\include\vector(2298) : see declaration of 'std::operator +'
     1>OPQ_MI_DLL.cpp(161): error C2784: 'std::_Vb_const_iterator<_Alloc> std::operator +(_Alloc::difference_type,std::_Vb_const_iterator<_Alloc>)' : could not deduce template argument for 'std::_Vb_const_iterator<_Alloc>' from 'Distance'
                 C:\Program Files (x86)\Microsoft Visual Studio 12.0\VC\include\vector(2191) : see declaration of 'std::operator +'
     1>OPQ_MI_DLL.cpp(161): error C2784: 'std::_Vector_iterator<_Myvec> std::operator +(_Vector_iterator<_Myvec>::difference_type,std::_Vector_iterator<_Myvec>)' : could not deduce template argument for 'std::_Vector_iterator<_Myvec>' from 'Distance'
                 C:\Program Files (x86)\Microsoft Visual Studio 12.0\VC\include\vector(409) : see declaration of 'std::operator +'
     1>OPQ_MI_DLL.cpp(161): error C2784: 'std::_Vector_const_iterator<_Myvec> std::operator +(_Vector_const_iterator<_Myvec>::difference_type,std::_Vector_const_iterator<_Myvec>)' : could not deduce template argument for 'std::_Vector_const_iterator<_Myvec>' from 'Distance'
                 C:\Program Files (x86)\Microsoft Visual Studio 12.0\VC\include\vector(278) : see declaration of 'std::operator +'
     1>OPQ_MI_DLL.cpp(161): error C2782: 'std::basic_string<_Elem,_Traits,_Alloc> std::operator +(std::basic_string<_Elem,_Traits,_Alloc> &&,const _Elem)' : template parameter '_Elem' is ambiguous
                 C:\Program Files (x86)\Microsoft Visual Studio 12.0\VC\include\xstring(2455) : see declaration of 'std::operator +'
                 could be 'Distance'
                 or       'char'
     1>OPQ_MI_DLL.cpp(161): error C2784: 'std::basic_string<_Elem,_Traits,_Alloc> std::operator +(std::basic_string<_Elem,_Traits,_Alloc> &&,const _Elem *)' : could not deduce template argument for 'const _Elem *' from 'Distance'
                 C:\Program Files (x86)\Microsoft Visual Studio 12.0\VC\include\xstring(2445) : see declaration of 'std::operator +'
     1>OPQ_MI_DLL.cpp(161): error C2784: 'std::basic_string<_Elem,_Traits,_Alloc> std::operator +(const _Elem,std::basic_string<_Elem,_Traits,_Alloc> &&)' : could not deduce template argument for 'std::basic_string<_Elem,_Traits,_Alloc> &&' from 'Distance'
                 C:\Program Files (x86)\Microsoft Visual Studio 12.0\VC\include\xstring(2435) : see declaration of 'std::operator +'
     1>OPQ_MI_DLL.cpp(161): error C2784: 'std::basic_string<_Elem,_Traits,_Alloc> std::operator +(const _Elem *,std::basic_string<_Elem,_Traits,_Alloc> &&)' : could not deduce template argument for 'const _Elem *' from 'std::basic_string<char,std::char_traits<char>,std::allocator<char>>'
                 C:\Program Files (x86)\Microsoft Visual Studio 12.0\VC\include\xstring(2425) : see declaration of 'std::operator +'
     1>OPQ_MI_DLL.cpp(161): error C2784: 'std::basic_string<_Elem,_Traits,_Alloc> std::operator +(std::basic_string<_Elem,_Traits,_Alloc> &&,std::basic_string<_Elem,_Traits,_Alloc> &&)' : could not deduce template argument for 'std::basic_string<_Elem,_Traits,_Alloc> &&' from 'Distance'
                 C:\Program Files (x86)\Microsoft Visual Studio 12.0\VC\include\xstring(2411) : see declaration of 'std::operator +'
     1>OPQ_MI_DLL.cpp(161): error C2784: 'std::basic_string<_Elem,_Traits,_Alloc> std::operator +(std::basic_string<_Elem,_Traits,_Alloc> &&,const std::basic_string<_Elem,_Traits,_Alloc> &)' : could not deduce template argument for 'const std::basic_string<_Elem,_Traits,_Alloc> &' from 'Distance'
                 C:\Program Files (x86)\Microsoft Visual Studio 12.0\VC\include\xstring(2401) : see declaration of 'std::operator +'
     1>OPQ_MI_DLL.cpp(161): error C2784: 'std::basic_string<_Elem,_Traits,_Alloc> std::operator +(const std::basic_string<_Elem,_Traits,_Alloc> &,std::basic_string<_Elem,_Traits,_Alloc> &&)' : could not deduce template argument for 'std::basic_string<_Elem,_Traits,_Alloc> &&' from 'Distance'
                 C:\Program Files (x86)\Microsoft Visual Studio 12.0\VC\include\xstring(2391) : see declaration of 'std::operator +'
     1>OPQ_MI_DLL.cpp(161): error C2782: 'std::basic_string<_Elem,_Traits,_Alloc> std::operator +(const std::basic_string<_Elem,_Traits,_Alloc> &,const _Elem)' : template parameter '_Elem' is ambiguous
                 C:\Program Files (x86)\Microsoft Visual Studio 12.0\VC\include\xstring(2377) : see declaration of 'std::operator +'
                 could be 'Distance'
                 or       'char'
     1>OPQ_MI_DLL.cpp(161): error C2784: 'std::basic_string<_Elem,_Traits,_Alloc> std::operator +(const std::basic_string<_Elem,_Traits,_Alloc> &,const _Elem *)' : could not deduce template argument for 'const _Elem *' from 'Distance'
                 C:\Program Files (x86)\Microsoft Visual Studio 12.0\VC\include\xstring(2363) : see declaration of 'std::operator +'
     1>OPQ_MI_DLL.cpp(161): error C2784: 'std::basic_string<_Elem,_Traits,_Alloc> std::operator +(const _Elem,const std::basic_string<_Elem,_Traits,_Alloc> &)' : could not deduce template argument for 'const std::basic_string<_Elem,_Traits,_Alloc> &' from 'Distance'
                 C:\Program Files (x86)\Microsoft Visual Studio 12.0\VC\include\xstring(2349) : see declaration of 'std::operator +'
     1>OPQ_MI_DLL.cpp(161): error C2784: 'std::basic_string<_Elem,_Traits,_Alloc> std::operator +(const _Elem *,const std::basic_string<_Elem,_Traits,_Alloc> &)' : could not deduce template argument for 'const _Elem *' from 'std::basic_string<char,std::char_traits<char>,std::allocator<char>>'
                 C:\Program Files (x86)\Microsoft Visual Studio 12.0\VC\include\xstring(2335) : see declaration of 'std::operator +'
     1>OPQ_MI_DLL.cpp(161): error C2784: 'std::basic_string<_Elem,_Traits,_Alloc> std::operator +(const std::basic_string<_Elem,_Traits,_Alloc> &,const std::basic_string<_Elem,_Traits,_Alloc> &)' : could not deduce template argument for 'const std::basic_string<_Elem,_Traits,_Alloc> &' from 'Distance'
                 C:\Program Files (x86)\Microsoft Visual Studio 12.0\VC\include\xstring(2321) : see declaration of 'std::operator +'
     1>OPQ_MI_DLL.cpp(161): error C2784: 'std::_String_iterator<_Mystr> std::operator +(_String_iterator<_Mystr>::difference_type,std::_String_iterator<_Mystr>)' : could not deduce template argument for 'std::_String_iterator<_Mystr>' from 'Distance'
                 C:\Program Files (x86)\Microsoft Visual Studio 12.0\VC\include\xstring(420) : see declaration of 'std::operator +'
     1>OPQ_MI_DLL.cpp(161): error C2784: 'std::_String_const_iterator<_Mystr> std::operator +(_String_const_iterator<_Mystr>::difference_type,std::_String_const_iterator<_Mystr>)' : could not deduce template argument for 'std::_String_const_iterator<_Mystr>' from 'Distance'
                 C:\Program Files (x86)\Microsoft Visual Studio 12.0\VC\include\xstring(288) : see declaration of 'std::operator +'
     1>OPQ_MI_DLL.cpp(161): error C2784: 'std::move_iterator<_RanIt> std::operator +(_Diff,const std::move_iterator<_RanIt> &)' : could not deduce template argument for 'const std::move_iterator<_RanIt> &' from 'Distance'
                 C:\Program Files (x86)\Microsoft Visual Studio 12.0\VC\include\xutility(1961) : see declaration of 'std::operator +'
     1>OPQ_MI_DLL.cpp(161): error C2784: 'std::_Array_iterator<_Ty,_Size> std::operator +(_Array_iterator<_Ty,_Size>::difference_type,std::_Array_iterator<_Ty,_Size>)' : could not deduce template argument for 'std::_Array_iterator<_Ty,_Size>' from 'Distance'
                 C:\Program Files (x86)\Microsoft Visual Studio 12.0\VC\include\xutility(1815) : see declaration of 'std::operator +'
     1>OPQ_MI_DLL.cpp(161): error C2784: 'std::_Array_const_iterator<_Ty,_Size> std::operator +(_Array_const_iterator<_Ty,_Size>::difference_type,std::_Array_const_iterator<_Ty,_Size>)' : could not deduce template argument for 'std::_Array_const_iterator<_Ty,_Size>' from 'Distance'
                 C:\Program Files (x86)\Microsoft Visual Studio 12.0\VC\include\xutility(1676) : see declaration of 'std::operator +'
     1>OPQ_MI_DLL.cpp(161): error C2784: 'std::reverse_iterator<_RanIt> std::operator +(_Diff,const std::reverse_iterator<_RanIt> &)' : could not deduce template argument for 'const std::reverse_iterator<_RanIt> &' from 'Distance'
                 C:\Program Files (x86)\Microsoft Visual Studio 12.0\VC\include\xutility(1122) : see declaration of 'std::operator +'
     1>OPQ_MI_DLL.cpp(161): error C2784: 'std::_Revranit<_RanIt,_Base> std::operator +(_Diff,const std::_Revranit<_RanIt,_Base> &)' : could not deduce template argument for 'const std::_Revranit<_RanIt,_Base> &' from 'Distance'
                 C:\Program Files (x86)\Microsoft Visual Studio 12.0\VC\include\xutility(927) : see declaration of 'std::operator +'
     1>OPQ_MI_DLL.cpp(161): error C2676: binary '+' : 'std::basic_string<char,std::char_traits<char>,std::allocator<char>>' does not define this operator or a conversion to a type acceptable to the predefined operator
     1>OPQ_MI_DLL.cpp(163): error C2679: binary '[' : no operator found which takes a right-hand operand of type 'Distance' (or there is no acceptable conversion)
                 C:\Program Files (x86)\Microsoft Visual Studio 12.0\VC\include\unordered_map(307): could be 'std::vector<std::pair<std::string,int>,std::allocator<_Ty>> &std::unordered_map<std::string,std::vector<_Ty,std::allocator<_Ty>>,std::hash<_Kty>,std::equal_to<_Kty>,std::allocator<std::pair<const _Kty,std::vector<_Ty,std::allocator<_Ty>>>>>::operator [](const std::basic_string<char,std::char_traits<char>,std::allocator<char>> &)'
                 with
                 [
                     _Ty=std::pair<std::string,int>
         ,            _Kty=std::string
                 ]
                 C:\Program Files (x86)\Microsoft Visual Studio 12.0\VC\include\unordered_map(229): or       'std::vector<std::pair<std::string,int>,std::allocator<_Ty>> &std::unordered_map<std::string,std::vector<_Ty,std::allocator<_Ty>>,std::hash<_Kty>,std::equal_to<_Kty>,std::allocator<std::pair<const _Kty,std::vector<_Ty,std::allocator<_Ty>>>>>::operator [](std::basic_string<char,std::char_traits<char>,std::allocator<char>> &&)'
                 with
                 [
                     _Ty=std::pair<std::string,int>
         ,            _Kty=std::string
                 ]
                 while trying to match the argument list '(std::unordered_map<std::string,std::vector<std::pair<std::string,int>,std::allocator<_Ty>>,std::hash<_Kty>,std::equal_to<_Kty>,std::allocator<std::pair<const _Kty,std::vector<_Ty,std::allocator<_Ty>>>>>, Distance)'
                 with
                 [
                     _Ty=std::pair<std::string,int>
         ,            _Kty=std::string
                 ]
     1>OPQ_MI_DLL.cpp(163): error C2665: 'showImages' : none of the 2 overloads could convert all the argument types
                 i:\hashing\code\opq_multiindex\src\perfomance_util.h(96): could be 'void showImages(ImagePath,std::string,std::vector<std::pair<OrderType,MetaInfo>,std::allocator<_Ty>>,std::vector<std::string,std::allocator<std::basic_string<char,std::char_traits<char>,std::allocator<char>>>>)'
                 with
                 [
                     OrderType=Distance
         ,            MetaInfo=PointId
         ,            _Ty=std::pair<Distance,PointId>
                 ]
                 while trying to match the argument list '(ImagePath, std::string, PointId, std::vector<std::string,std::allocator<_Ty>>)'
                 with
                 [
                     _Ty=std::string
                 ]
     1>OPQ_MI_DLL.cpp(165): error C2665: 'showImages' : none of the 2 overloads could convert all the argument types
                 i:\hashing\code\opq_multiindex\src\perfomance_util.h(96): could be 'void showImages(ImagePath,std::string,std::vector<std::pair<OrderType,MetaInfo>,std::allocator<_Ty>>,std::vector<std::string,std::allocator<std::basic_string<char,std::char_traits<char>,std::allocator<char>>>>)'
                 with
                 [
                     OrderType=Distance
         ,            MetaInfo=PointId
         ,            _Ty=std::pair<Distance,PointId>
                 ]
                 while trying to match the argument list '(ImagePath, std::string, PointId, std::vector<std::string,std::allocator<_Ty>>)'
                 with
                 [
                     _Ty=std::string
                 ]
     1>OPQ_MI_DLL.cpp(181): warning C4244: '=' : conversion from 'double' to 'float', possible loss of data
         data_util.cpp
     1>..\..\src\data_util.cpp(3): warning C4627: '#include "data_util.h"': skipped when looking for precompiled header use
                 Add directive to 'stdafx.h' or rebuild precompiled header
     1>..\..\src\data_util.cpp(230): fatal error C1010: unexpected end of file while looking for precompiled header. Did you forget to add '#include "stdafx.h"' to your source?
         Generating Code...
     1>Done Building Project "I:\Hashing\Code\OPQ_MultiIndex\testOPQ\OPQ_MI_DLL\OPQ_MI_DLL.vcxproj" (Build target(s)) -- FAILED.

Build FAILED.

Time Elapsed 00:00:11.03
